<?xml version="1.0" encoding="UTF-8"?>
<testsuite name="com.gradle.Uno.UnoHandTest" tests="2" skipped="0" failures="0" errors="0" timestamp="2021-05-08T03:05:30" hostname="pop-os" time="0.098">
  <properties/>
  <testcase name="findPlayableCardTest()" classname="com.gradle.Uno.UnoHandTest" time="0.035"/>
  <testcase name="toStringTest()" classname="com.gradle.Uno.UnoHandTest" time="0.061"/>
  <system-out><![CDATA[]]></system-out>
  <system-err><![CDATA[]]></system-err>
</testsuite>
